{
  "stats": {
    "suites": 4,
    "tests": 3,
    "passes": 3,
    "pending": 0,
    "failures": 0,
    "start": "2024-08-16T08:50:36.085Z",
    "end": "2024-08-16T08:50:37.306Z",
    "duration": 1221,
    "testsRegistered": 3,
    "passPercent": 100,
    "pendingPercent": 0,
    "other": 0,
    "hasOther": false,
    "skipped": 0,
    "hasSkipped": false
  },
  "results": [
    {
      "uuid": "f88fa34c-9642-4f2a-87e8-bbbcd2d3f69a",
      "title": "",
      "fullFile": "C:\\Users\\91951\\Desktop\\FSWD\\youtube-subscriber\\__tests__\\subscriber.test.js",
      "file": "\\__tests__\\subscriber.test.js",
      "beforeHooks": [
        {
          "title": "\"before all\" hook in \"{root}\"",
          "fullTitle": "\"before all\" hook in \"{root}\"",
          "timedOut": false,
          "duration": 1009,
          "state": null,
          "speed": null,
          "pass": false,
          "fail": false,
          "pending": false,
          "context": null,
          "code": "// Wait 1 second for the database to connect successfully\nsetTimeout(done, 1000);",
          "err": {},
          "uuid": "be587ebf-2aae-4a99-9dc5-7a85deb33e5f",
          "parentUUID": "f88fa34c-9642-4f2a-87e8-bbbcd2d3f69a",
          "isHook": true,
          "skipped": false
        }
      ],
      "afterHooks": [
        {
          "title": "\"after all\" hook in \"{root}\"",
          "fullTitle": "\"after all\" hook in \"{root}\"",
          "timedOut": false,
          "duration": 7,
          "state": null,
          "speed": null,
          "pass": false,
          "fail": false,
          "pending": false,
          "context": null,
          "code": "await mongoose.connection.close();",
          "err": {},
          "uuid": "95e93127-9e3c-4e3c-be21-129684883ec3",
          "parentUUID": "f88fa34c-9642-4f2a-87e8-bbbcd2d3f69a",
          "isHook": true,
          "skipped": false
        }
      ],
      "tests": [],
      "suites": [
        {
          "uuid": "30e716dc-bed3-4bd8-a616-cf14fa348bef",
          "title": "Subscribers API Tests",
          "fullFile": "C:\\Users\\91951\\Desktop\\FSWD\\youtube-subscriber\\__tests__\\subscriber.test.js",
          "file": "\\__tests__\\subscriber.test.js",
          "beforeHooks": [],
          "afterHooks": [],
          "tests": [],
          "suites": [
            {
              "uuid": "61218da2-b8dc-48d9-b5f6-90c9df33ef91",
              "title": "GET /subscribers",
              "fullFile": "C:\\Users\\91951\\Desktop\\FSWD\\youtube-subscriber\\__tests__\\subscriber.test.js",
              "file": "\\__tests__\\subscriber.test.js",
              "beforeHooks": [],
              "afterHooks": [],
              "tests": [
                {
                  "title": "should return all subscribers",
                  "fullTitle": "Subscribers API Tests GET /subscribers should return all subscribers",
                  "timedOut": false,
                  "duration": 80,
                  "state": "passed",
                  "speed": "slow",
                  "pass": true,
                  "fail": false,
                  "pending": false,
                  "context": null,
                  "code": "const res = await chai.request(app).get(\"/subscribers\");\nexpect(res).to.have.status(200);\nexpect(res.body).to.be.an(\"array\");\nexpect(res.body).to.have.lengthOf.at.least(1);\nexpect(res.body[0]).to.have.property(\"_id\").that.is.a(\"string\");\nexpect(res.body[0]).to.have.property(\"name\").that.is.a(\"string\");\nexpect(res.body[0])\n  .to.have.property(\"subscribedChannel\")\n  .that.is.a(\"string\");\nexpect(res.body[0])\n  .to.have.property(\"subscribedDate\")\n  .that.is.a(\"string\")\n  .and.matches(/\\d{4}-\\d{2}-\\d{2}T\\d{2}:\\d{2}:\\d{2}.\\d{3}Z/);",
                  "err": {},
                  "uuid": "69ae0aea-8a48-450f-ba8b-40cf8d7cc9fc",
                  "parentUUID": "61218da2-b8dc-48d9-b5f6-90c9df33ef91",
                  "isHook": false,
                  "skipped": false
                }
              ],
              "suites": [],
              "passes": [
                "69ae0aea-8a48-450f-ba8b-40cf8d7cc9fc"
              ],
              "failures": [],
              "pending": [],
              "skipped": [],
              "duration": 80,
              "root": false,
              "rootEmpty": false,
              "_timeout": 60000
            },
            {
              "uuid": "ad922e5f-037c-4c89-b246-9f11883f865e",
              "title": "GET /subscribers/names",
              "fullFile": "C:\\Users\\91951\\Desktop\\FSWD\\youtube-subscriber\\__tests__\\subscriber.test.js",
              "file": "\\__tests__\\subscriber.test.js",
              "beforeHooks": [],
              "afterHooks": [],
              "tests": [
                {
                  "title": "should return subscriber names and channels",
                  "fullTitle": "Subscribers API Tests GET /subscribers/names should return subscriber names and channels",
                  "timedOut": false,
                  "duration": 37,
                  "state": "passed",
                  "speed": "fast",
                  "pass": true,
                  "fail": false,
                  "pending": false,
                  "context": null,
                  "code": "const res = await chai.request(app).get(\"/subscribers/names\");\nexpect(res).to.have.status(200);\nexpect(res.body).to.be.an(\"array\");\nexpect(res.body).to.have.lengthOf.at.least(1);\nexpect(res.body[0]).to.have.property(\"name\").that.is.a(\"string\");\nexpect(res.body[0])\n  .to.have.property(\"subscribedChannel\")\n  .that.is.a(\"string\");",
                  "err": {},
                  "uuid": "4bc2cd39-8cdc-475d-aed1-412198cfb160",
                  "parentUUID": "ad922e5f-037c-4c89-b246-9f11883f865e",
                  "isHook": false,
                  "skipped": false
                }
              ],
              "suites": [],
              "passes": [
                "4bc2cd39-8cdc-475d-aed1-412198cfb160"
              ],
              "failures": [],
              "pending": [],
              "skipped": [],
              "duration": 37,
              "root": false,
              "rootEmpty": false,
              "_timeout": 60000
            },
            {
              "uuid": "3252d278-6b37-4a71-9513-a01723b1c3ba",
              "title": "GET /subscribers/{id}",
              "fullFile": "C:\\Users\\91951\\Desktop\\FSWD\\youtube-subscriber\\__tests__\\subscriber.test.js",
              "file": "\\__tests__\\subscriber.test.js",
              "beforeHooks": [],
              "afterHooks": [],
              "tests": [
                {
                  "title": "should return a single subscriber by ID",
                  "fullTitle": "Subscribers API Tests GET /subscribers/{id} should return a single subscriber by ID",
                  "timedOut": false,
                  "duration": 34,
                  "state": "passed",
                  "speed": "fast",
                  "pass": true,
                  "fail": false,
                  "pending": false,
                  "context": null,
                  "code": "const subscriberId = \"66bef21b31a0291dac6e53de\";\nconst res = await chai.request(app).get(`/subscribers/${subscriberId}`);\nexpect(res).to.have.status(200);\nexpect(res.body).to.be.an(\"object\");\nexpect(res.body).to.have.property(\"_id\", subscriberId);\nexpect(res.body).to.have.property(\"name\").that.is.a(\"string\");\nexpect(res.body)\n  .to.have.property(\"subscribedChannel\")\n  .that.is.a(\"string\");\nexpect(res.body)\n  .to.have.property(\"subscribedDate\")\n  .that.is.a(\"string\")\n  .and.matches(/\\d{4}-\\d{2}-\\d{2}T\\d{2}:\\d{2}:\\d{2}.\\d{3}Z/);",
                  "err": {},
                  "uuid": "290815df-1f5c-4002-9f8e-fa51ef7a4527",
                  "parentUUID": "3252d278-6b37-4a71-9513-a01723b1c3ba",
                  "isHook": false,
                  "skipped": false
                }
              ],
              "suites": [],
              "passes": [
                "290815df-1f5c-4002-9f8e-fa51ef7a4527"
              ],
              "failures": [],
              "pending": [],
              "skipped": [],
              "duration": 34,
              "root": false,
              "rootEmpty": false,
              "_timeout": 60000
            }
          ],
          "passes": [],
          "failures": [],
          "pending": [],
          "skipped": [],
          "duration": 0,
          "root": false,
          "rootEmpty": false,
          "_timeout": 60000
        }
      ],
      "passes": [],
      "failures": [],
      "pending": [],
      "skipped": [],
      "duration": 0,
      "root": true,
      "rootEmpty": true,
      "_timeout": 60000
    }
  ],
  "meta": {
    "mocha": {
      "version": "10.4.0"
    },
    "mochawesome": {
      "options": {
        "quiet": false,
        "reportFilename": "mochawesome",
        "saveHtml": true,
        "saveJson": true,
        "consoleReporter": "spec",
        "useInlineDiffs": false,
        "code": true
      },
      "version": "7.1.3"
    },
    "marge": {
      "options": null,
      "version": "6.2.0"
    }
  }
}