{
  "stats": {
    "suites": 4,
    "tests": 3,
    "passes": 3,
    "pending": 0,
    "failures": 0,
    "start": "2024-08-15T14:19:03.944Z",
    "end": "2024-08-15T14:19:05.025Z",
    "duration": 1081,
    "testsRegistered": 3,
    "passPercent": 100,
    "pendingPercent": 0,
    "other": 0,
    "hasOther": false,
    "skipped": 0,
    "hasSkipped": false
  },
  "results": [
    {
      "uuid": "232d87e0-8c23-4b27-a8ee-e2a7904f6f8a",
      "title": "",
      "fullFile": "C:\\Users\\91951\\Desktop\\FSWD\\youtube-subscriber\\__tests__\\subscriber.test.js",
      "file": "\\__tests__\\subscriber.test.js",
      "beforeHooks": [
        {
          "title": "\"before all\" hook in \"{root}\"",
          "fullTitle": "\"before all\" hook in \"{root}\"",
          "timedOut": false,
          "duration": 1012,
          "state": null,
          "speed": null,
          "pass": false,
          "fail": false,
          "pending": false,
          "context": null,
          "code": "// Wait 1 second for the database to connect successfully\nsetTimeout(done, 1000);",
          "err": {},
          "uuid": "af7846ea-8d4e-422a-a426-a952ed55912b",
          "parentUUID": "232d87e0-8c23-4b27-a8ee-e2a7904f6f8a",
          "isHook": true,
          "skipped": false
        }
      ],
      "afterHooks": [
        {
          "title": "\"after all\" hook in \"{root}\"",
          "fullTitle": "\"after all\" hook in \"{root}\"",
          "timedOut": false,
          "duration": 4,
          "state": null,
          "speed": null,
          "pass": false,
          "fail": false,
          "pending": false,
          "context": null,
          "code": "await mongoose.connection.close();",
          "err": {},
          "uuid": "145b9ae2-1989-4c80-becb-785da26a40fb",
          "parentUUID": "232d87e0-8c23-4b27-a8ee-e2a7904f6f8a",
          "isHook": true,
          "skipped": false
        }
      ],
      "tests": [],
      "suites": [
        {
          "uuid": "468dbf06-1018-41ca-bee2-fa6cf857cb9b",
          "title": "Subscribers API Tests",
          "fullFile": "C:\\Users\\91951\\Desktop\\FSWD\\youtube-subscriber\\__tests__\\subscriber.test.js",
          "file": "\\__tests__\\subscriber.test.js",
          "beforeHooks": [],
          "afterHooks": [],
          "tests": [],
          "suites": [
            {
              "uuid": "1c9bf60c-afea-4bed-9061-7f10bd4f7562",
              "title": "GET /subscribers",
              "fullFile": "C:\\Users\\91951\\Desktop\\FSWD\\youtube-subscriber\\__tests__\\subscriber.test.js",
              "file": "\\__tests__\\subscriber.test.js",
              "beforeHooks": [],
              "afterHooks": [],
              "tests": [
                {
                  "title": "should return all subscribers",
                  "fullTitle": "Subscribers API Tests GET /subscribers should return all subscribers",
                  "timedOut": false,
                  "duration": 34,
                  "state": "passed",
                  "speed": "fast",
                  "pass": true,
                  "fail": false,
                  "pending": false,
                  "context": null,
                  "code": "const res = await chai.request(app).get(\"/subscribers\");\nexpect(res).to.have.status(200);\nexpect(res.body).to.be.an(\"array\");\nexpect(res.body).to.have.lengthOf.at.least(1);\nexpect(res.body[0]).to.have.property(\"_id\").that.is.a(\"string\");\nexpect(res.body[0]).to.have.property(\"name\").that.is.a(\"string\");\nexpect(res.body[0])\n  .to.have.property(\"subscribedChannel\")\n  .that.is.a(\"string\");\nexpect(res.body[0])\n  .to.have.property(\"subscribedDate\")\n  .that.is.a(\"string\")\n  .and.matches(/\\d{4}-\\d{2}-\\d{2}T\\d{2}:\\d{2}:\\d{2}.\\d{3}Z/);",
                  "err": {},
                  "uuid": "f69ec082-08be-4328-aefd-7baf430685fc",
                  "parentUUID": "1c9bf60c-afea-4bed-9061-7f10bd4f7562",
                  "isHook": false,
                  "skipped": false
                }
              ],
              "suites": [],
              "passes": [
                "f69ec082-08be-4328-aefd-7baf430685fc"
              ],
              "failures": [],
              "pending": [],
              "skipped": [],
              "duration": 34,
              "root": false,
              "rootEmpty": false,
              "_timeout": 60000
            },
            {
              "uuid": "7da93dab-1f1b-4067-84aa-ebc2067f4300",
              "title": "GET /subscribers/names",
              "fullFile": "C:\\Users\\91951\\Desktop\\FSWD\\youtube-subscriber\\__tests__\\subscriber.test.js",
              "file": "\\__tests__\\subscriber.test.js",
              "beforeHooks": [],
              "afterHooks": [],
              "tests": [
                {
                  "title": "should return subscriber names and channels",
                  "fullTitle": "Subscribers API Tests GET /subscribers/names should return subscriber names and channels",
                  "timedOut": false,
                  "duration": 11,
                  "state": "passed",
                  "speed": "fast",
                  "pass": true,
                  "fail": false,
                  "pending": false,
                  "context": null,
                  "code": "const res = await chai.request(app).get(\"/subscribers/names\");\nexpect(res).to.have.status(200);\nexpect(res.body).to.be.an(\"array\");\nexpect(res.body).to.have.lengthOf.at.least(1);\nexpect(res.body[0]).to.have.property(\"name\").that.is.a(\"string\");\nexpect(res.body[0])\n  .to.have.property(\"subscribedChannel\")\n  .that.is.a(\"string\");",
                  "err": {},
                  "uuid": "ac682188-bc02-493b-967f-760571884397",
                  "parentUUID": "7da93dab-1f1b-4067-84aa-ebc2067f4300",
                  "isHook": false,
                  "skipped": false
                }
              ],
              "suites": [],
              "passes": [
                "ac682188-bc02-493b-967f-760571884397"
              ],
              "failures": [],
              "pending": [],
              "skipped": [],
              "duration": 11,
              "root": false,
              "rootEmpty": false,
              "_timeout": 60000
            },
            {
              "uuid": "314afa38-b4ec-4618-bdac-33bb72f5bf51",
              "title": "GET /subscribers/{id}",
              "fullFile": "C:\\Users\\91951\\Desktop\\FSWD\\youtube-subscriber\\__tests__\\subscriber.test.js",
              "file": "\\__tests__\\subscriber.test.js",
              "beforeHooks": [],
              "afterHooks": [],
              "tests": [
                {
                  "title": "should return a single subscriber by ID",
                  "fullTitle": "Subscribers API Tests GET /subscribers/{id} should return a single subscriber by ID",
                  "timedOut": false,
                  "duration": 9,
                  "state": "passed",
                  "speed": "fast",
                  "pass": true,
                  "fail": false,
                  "pending": false,
                  "context": null,
                  "code": "const subscriberId = \"66be0b9a4fa2384d0e1770b3\";\nconst res = await chai.request(app).get(`/subscribers/${subscriberId}`);\nexpect(res).to.have.status(200);\nexpect(res.body).to.be.an(\"object\");\nexpect(res.body).to.have.property(\"_id\", subscriberId);\nexpect(res.body).to.have.property(\"name\").that.is.a(\"string\");\nexpect(res.body)\n  .to.have.property(\"subscribedChannel\")\n  .that.is.a(\"string\");\nexpect(res.body)\n  .to.have.property(\"subscribedDate\")\n  .that.is.a(\"string\")\n  .and.matches(/\\d{4}-\\d{2}-\\d{2}T\\d{2}:\\d{2}:\\d{2}.\\d{3}Z/);",
                  "err": {},
                  "uuid": "3f1640e9-9845-4852-9ba5-b3be1045a3c1",
                  "parentUUID": "314afa38-b4ec-4618-bdac-33bb72f5bf51",
                  "isHook": false,
                  "skipped": false
                }
              ],
              "suites": [],
              "passes": [
                "3f1640e9-9845-4852-9ba5-b3be1045a3c1"
              ],
              "failures": [],
              "pending": [],
              "skipped": [],
              "duration": 9,
              "root": false,
              "rootEmpty": false,
              "_timeout": 60000
            }
          ],
          "passes": [],
          "failures": [],
          "pending": [],
          "skipped": [],
          "duration": 0,
          "root": false,
          "rootEmpty": false,
          "_timeout": 60000
        }
      ],
      "passes": [],
      "failures": [],
      "pending": [],
      "skipped": [],
      "duration": 0,
      "root": true,
      "rootEmpty": true,
      "_timeout": 60000
    }
  ],
  "meta": {
    "mocha": {
      "version": "10.4.0"
    },
    "mochawesome": {
      "options": {
        "quiet": false,
        "reportFilename": "mochawesome",
        "saveHtml": true,
        "saveJson": true,
        "consoleReporter": "spec",
        "useInlineDiffs": false,
        "code": true
      },
      "version": "7.1.3"
    },
    "marge": {
      "options": null,
      "version": "6.2.0"
    }
  }
}